<?xml version="1.0" encoding="UTF-8"?>
<testsuite name="IntroLabTest" tests="2" skipped="0" failures="0" errors="0" timestamp="2022-09-12T21:33:56" hostname="Cheryls-MacBook-Pro-2.local" time="0.057">
  <properties/>
  <testcase name="testIntroMethod" classname="IntroLabTest" time="0.052"/>
  <testcase name="testExampleStudent" classname="IntroLabTest" time="0.004"/>
  <system-out><![CDATA[]]></system-out>
  <system-err><![CDATA[]]></system-err>
</testsuite>
